<?xml version="1.0" encoding="UTF-8"?>
<!-- Generated by org.testng.reporters.JUnitReportReporter -->
<testsuite skipped="0" hostname="EIL-IT-3040-31" name="TestJenkins.TestJenkins.LaunchGoogle" tests="1" failures="0" timestamp="06 Dec 2018 12:54:52 GMT" time="9.497" errors="0">
  <testcase name="launchGoogleHome" time="9.497" classname="TestJenkins.TestJenkins.LaunchGoogle"/>
</testsuite> <!-- TestJenkins.TestJenkins.LaunchGoogle -->
